<?xml version="1.0" encoding="UTF-8"?>
<beans xmlns="http://www.springframework.org/schema/beans"
    xmlns:xsi="http://www.w3.org/2001/XMLSchema-instance"
    xmlns:aop="http://www.springframework.org/schema/aop"
    xmlns:tx="http://www.springframework.org/schema/tx"
    xsi:schemaLocation="http://www.springframework.org/schema/beans
                        http://www.springframework.org/schema/beans/spring-beans-3.0.xsd
                        http://www.springframework.org/schema/aop
                        http://www.springframework.org/schema/aop/spring-aop-3.0.xsd
                        http://www.springframework.org/schema/tx
                        http://www.springframework.org/schema/tx/spring-tx-2.5.xsd">
    <bean id="dataSource" class="org.springframework.jdbc.datasource.SimpleDriverDataSource">
        <property name="driverClass" value="com.mysql.jdbc.Driver"/>
        <property name="url" value="jdbc:mysql://localhost:3307/testdb"/>
        <property name="username" value="root"/>
        <property name="password" value="admin"/>
    </bean>
    <bean id="userDao" class="springbook.user.dao.UserDaoJdbc">
        <property name="dataSource" ref="dataSource"/>
    </bean>
    <bean id="dao" class="springbook.user.dao.UserDaoJdbc">
        <property name="dataSource" ref="dataSource"/>
    </bean>
    <bean id="transactionManager" class="org.springframework.jdbc.datasource.DataSourceTransactionManager">
        <property name="dataSource" ref="dataSource"/>
    </bean>
    <bean id="mailSender" class="springbook.user.service.DummyMailSender"/>
    <bean id="userService" class="springbook.user.service.UserServiceImpl">
        <property name="userDao" ref="dao"/>
        <property name="mailSender" ref="mailSender"/>
    </bean>
    <tx:advice id="transactionAdvice" transaction-manager="transactionManager">
        <tx:attributes>
            <!-- get으로 시작하는 메소드에 대해서는 읽기전용 속성을 부여한다. -->
            <!-- 이 메소드가 트랜잭션의 실제 시작 위치가 아니라면 읽기 전용 속성은 무시된다. -->
            <tx:method name="get*" read-only="true"/>
            <!-- get으로 시작하지 않는 나머지 메소드에는 기본 트랜잭션 속성을 지정한다. 순서가 뒤바뀌지 않도록 주의한다. -->
            <tx:method name="*"/>
        </tx:attributes>
    </tx:advice>
    <aop:config>
        <aop:advisor advice-ref="transactionAdvice" pointcut="execution(* *..*ServiceImpl.upgrade*(..))"/>
    </aop:config>
    <!-- 스테틱 멤버 클래스는 $로 지정한다. 프로퍼티 정의를 포함해서 userService 빈의 설정을 상속받는다. -->
    <bean id="testUserService" class="springbook.user.service.UserServiceTest$TestUserServiceImpl" parent="userService"/>
    <bean class="org.springframework.aop.framework.autoproxy.DefaultAdvisorAutoProxyCreator"/>
</beans>