<?xml version="1.0" encoding="UTF-8"?>
<beans xmlns="http://www.springframework.org/schema/beans"
    xmlns:xsi="http://www.w3.org/2001/XMLSchema-instance"
    xsi:schemaLocation="http://www.springframework.org/schema/beans
        http://www.springframework.org/schema/beans/spring-beans-3.0.xsd">
    <bean id="dataSource" class="org.springframework.jdbc.datasource.SimpleDriverDataSource">
        <property name="driverClass" value="com.mysql.jdbc.Driver"/>
        <property name="url" value="jdbc:mysql://localhost:3307/testdb"/>
        <property name="username" value="root"/>
        <property name="password" value="admin"/>
    </bean>
    <bean id="userDao" class="springbook.user.dao.UserDaoJdbc">
        <property name="dataSource" ref="dataSource"/>
    </bean>
    <bean id="dao" class="springbook.user.dao.UserDaoJdbc">
        <property name="dataSource" ref="dataSource"/>
    </bean>
    <bean id="transactionManager" class="org.springframework.jdbc.datasource.DataSourceTransactionManager">
        <property name="dataSource" ref="dataSource"/>
    </bean>
    <bean id="mailSender" class="springbook.user.service.DummyMailSender"/>
    <bean id="userService" class="springbook.user.service.UserServiceImpl">
        <property name="userDao" ref="dao"/>
        <property name="mailSender" ref="mailSender"/>
    </bean>
    <bean id="transactionAdvice" class="springbook.learningtest.jdk.proxy.TransactionAdvice">
        <property name="transactionManager" ref="transactionManager"/>
    </bean>
    <bean id="transactionPointcut" class="springbook.service.NameMatchClassMethodPointcut">
        <!-- 클래스 이름 패턴 -->
        <property name="mappedClassName" value="*ServiceImpl"/>
        <!-- 메소드 이름 패턴 -->
        <property name="mappedName" value="upgrade*"/>
    </bean>
    <bean id="transactionAdvisor" class="org.springframework.aop.support.DefaultPointcutAdvisor">
        <property name="advice" ref="transactionAdvice"/>
        <property name="pointcut" ref="transactionPointcut"/>
    </bean>
    <!-- 스테틱 멤버 클래스는 $로 지정한다. 프로퍼티 정의를 포함해서 userService 빈의 설정을 상속받는다. -->
    <bean id="testUserService" class="springbook.user.service.UserServiceTest$TestUserServiceImpl" parent="userService"/>
    <bean class="org.springframework.aop.framework.autoproxy.DefaultAdvisorAutoProxyCreator"/>
</beans>