<?xml version="1.0" encoding="UTF-8"?>
<beans xmlns="http://www.springframework.org/schema/beans"
    xmlns:xsi="http://www.w3.org/2001/XMLSchema-instance"
    xsi:schemaLocation="http://www.springframework.org/schema/beans
        http://www.springframework.org/schema/beans/spring-beans-3.0.xsd">
    <bean id="dataSource" class="org.springframework.jdbc.datasource.SimpleDriverDataSource">
        <property name="driverClass" value="com.mysql.jdbc.Driver"/>
        <property name="url" value="jdbc:mysql://localhost:3307/testdb"/>
        <property name="username" value="root"/>
        <property name="password" value="admin"/>
    </bean>
    <bean id="userDao" class="springbook.user.dao.UserDaoJdbc">
        <property name="dataSource" ref="dataSource"/>
    </bean>
    <bean id="dao" class="springbook.user.dao.UserDaoJdbc">
        <property name="dataSource" ref="dataSource"/>
    </bean>
    <bean id="transactionManager" class="org.springframework.jdbc.datasource.DataSourceTransactionManager">
        <property name="dataSource" ref="dataSource"/>
    </bean>
    <bean id="mailSender" class="springbook.user.service.DummyMailSender"/>
    <bean id="userServiceImpl" class="springbook.user.service.UserServiceImpl">
        <property name="userDao" ref="dao"/>
        <property name="mailSender" ref="mailSender"/>
    </bean>
    <bean id="transactionAdvice" class="springbook.learningtest.jdk.proxy.TransactionAdvice">
        <property name="transactionManager" ref="transactionManager"/>
    </bean>
    <bean id="transactionPointcut" class="org.springframework.aop.support.NameMatchMethodPointcut">
        <property name="mappedName" value="upgrade*"/>
    </bean>
    <bean id="transactionAdvisor" class="org.springframework.aop.support.DefaultPointcutAdvisor">
        <property name="advice" ref="transactionAdvice"/>
        <property name="pointcut" ref="transactionPointcut"/>
    </bean>
    <bean id="userService" class="org.springframework.aop.framework.ProxyFactoryBean">
        <property name="target" ref="userServiceImpl"/>
        <!-- 어드바이스와 어드바이저를 동시에 설정해줄 수 있는 프로퍼티. -->
        <!-- 리스트에 어드바이스나 어드바이저의 빈 아이디를 값으로 넣어주면 된다. -->
        <!-- 기존의 ref 애트리뷰트를 사용하는 DI와는 방식이 다름에 주의해야 한다. -->
        <property name="interceptorNames">
            <list>
                <!-- 한 개 이상의 <value> 태그를 넣을 수 있다. -->
                <value>transactionAdvice</value>
            </list>
        </property>
    </bean>
</beans>